<?xml version="1.0" encoding="UTF-8"?>
<testng-results skipped="0" failed="0" ignored="0" total="1" passed="1">
  <reporter-output>
  </reporter-output>
  <suite name="Default suite" duration-ms="10252" started-at="2022-08-28T18:14:40Z" finished-at="2022-08-28T18:14:51Z">
    <groups>
    </groups>
    <test name="Default test" duration-ms="10252" started-at="2022-08-28T18:14:40Z" finished-at="2022-08-28T18:14:51Z">
      <class name="test.AddCustomerTest">
        <test-method status="PASS" signature="validUserShouldBeAbleToLogin()[pri:0, instance:test.AddCustomerTest@675d3402]" name="validUserShouldBeAbleToLogin" duration-ms="10208" started-at="2022-08-28T18:14:40Z" finished-at="2022-08-28T18:14:51Z">
          <reporter-output>
          </reporter-output>
        </test-method> <!-- validUserShouldBeAbleToLogin -->
      </class> <!-- test.AddCustomerTest -->
    </test> <!-- Default test -->
  </suite> <!-- Default suite -->
</testng-results>
